build/app/intermediates/manifest_merge_blame_file/debug/manifest-merger-blame-debug-report.txt
1<?xml version="1.0" encoding="utf-8"?>
2<manifest xmlns:android="http://schemas.android.com/apk/res/android"
3    package="com.brilliant.travel"
4    android:versionCode="1"
5    android:versionName="1.0.0" >
6
7    <uses-sdk
8        android:minSdkVersion="21"
9        android:targetSdkVersion="33" />
10    <!--
11         The INTERNET permission is required for development. Specifically,
12         the Flutter tool needs it to communicate with the running application
13         to allow setting breakpoints, to provide hot reload, etc.
14    -->
15    <uses-permission android:name="android.permission.INTERNET" />
15-->src\main\AndroidManifest.xml:23:5-67
15-->src\main\AndroidManifest.xml:23:22-64
16    <uses-permission android:name="android.permission.ACCESS_NETWORK_STATE" />
16-->src\main\AndroidManifest.xml:24:5-79
16-->src\main\AndroidManifest.xml:24:22-76
17    <uses-permission android:name="com.android.vending.BILLING" />
17-->src\main\AndroidManifest.xml:25:5-67
17-->src\main\AndroidManifest.xml:25:22-64
18    <uses-permission android:name="com.google.android.gms.permission.AD_ID" /> <!-- Android package visibility setting -->
18-->[com.google.android.gms:play-services-ads-lite:21.3.0] AndroidManifest.xml:25:5-79
18-->[com.google.android.gms:play-services-ads-lite:21.3.0] AndroidManifest.xml:25:22-76
19    <queries>
19-->[com.google.android.gms:play-services-ads-lite:21.3.0] AndroidManifest.xml:28:5-44:15
20
21        <!-- For browser content -->
22        <intent>
22-->[com.google.android.gms:play-services-ads-lite:21.3.0] AndroidManifest.xml:31:9-37:18
23            <action android:name="android.intent.action.VIEW" />
23-->[com.google.android.gms:play-services-ads-lite:21.3.0] AndroidManifest.xml:32:13-65
23-->[com.google.android.gms:play-services-ads-lite:21.3.0] AndroidManifest.xml:32:21-62
24
25            <category android:name="android.intent.category.BROWSABLE" />
25-->[com.google.android.gms:play-services-ads-lite:21.3.0] AndroidManifest.xml:34:13-74
25-->[com.google.android.gms:play-services-ads-lite:21.3.0] AndroidManifest.xml:34:23-71
26
27            <data android:scheme="https" />
27-->[com.google.android.gms:play-services-ads-lite:21.3.0] AndroidManifest.xml:36:13-44
27-->[com.google.android.gms:play-services-ads-lite:21.3.0] AndroidManifest.xml:36:19-41
28        </intent>
29        <!-- End of browser content -->
30        <!-- For CustomTabsService -->
31        <intent>
31-->[com.google.android.gms:play-services-ads-lite:21.3.0] AndroidManifest.xml:40:9-42:18
32            <action android:name="android.support.customtabs.action.CustomTabsService" />
32-->[com.google.android.gms:play-services-ads-lite:21.3.0] AndroidManifest.xml:41:13-90
32-->[com.google.android.gms:play-services-ads-lite:21.3.0] AndroidManifest.xml:41:21-87
33        </intent>
34        <!-- End of CustomTabsService -->
35        <intent>
35-->[com.android.billingclient:billing:5.1.0] AndroidManifest.xml:17:9-19:18
36            <action android:name="com.android.vending.billing.InAppBillingService.BIND" />
36-->[com.android.billingclient:billing:5.1.0] AndroidManifest.xml:18:13-91
36-->[com.android.billingclient:billing:5.1.0] AndroidManifest.xml:18:21-88
37        </intent>
38    </queries>
39
40    <uses-permission android:name="android.permission.WAKE_LOCK" />
40-->[com.google.android.gms:play-services-measurement-sdk-api:20.1.2] AndroidManifest.xml:25:5-68
40-->[com.google.android.gms:play-services-measurement-sdk-api:20.1.2] AndroidManifest.xml:25:22-65
41    <uses-permission android:name="android.permission.RECEIVE_BOOT_COMPLETED" />
41-->[androidx.work:work-runtime:2.7.0] AndroidManifest.xml:27:5-81
41-->[androidx.work:work-runtime:2.7.0] AndroidManifest.xml:27:22-78
42    <uses-permission android:name="android.permission.FOREGROUND_SERVICE" />
42-->[androidx.work:work-runtime:2.7.0] AndroidManifest.xml:28:5-77
42-->[androidx.work:work-runtime:2.7.0] AndroidManifest.xml:28:22-74
43
44    <permission
44-->[androidx.core:core:1.9.0] AndroidManifest.xml:22:5-24:47
45        android:name="com.brilliant.travel.DYNAMIC_RECEIVER_NOT_EXPORTED_PERMISSION"
45-->[androidx.core:core:1.9.0] AndroidManifest.xml:23:9-81
46        android:protectionLevel="signature" />
46-->[androidx.core:core:1.9.0] AndroidManifest.xml:24:9-44
47
48    <uses-permission android:name="com.brilliant.travel.DYNAMIC_RECEIVER_NOT_EXPORTED_PERMISSION" />
48-->[androidx.core:core:1.9.0] AndroidManifest.xml:26:5-97
48-->[androidx.core:core:1.9.0] AndroidManifest.xml:26:22-94
49
50    <application
51        android:name="android.app.Application"
52        android:appComponentFactory="androidx.core.app.CoreComponentFactory"
52-->[androidx.core:core:1.9.0] AndroidManifest.xml:28:18-86
53        android:debuggable="true"
54        android:icon="@mipmap/ic_launcher"
55        android:label="TRAVEL"
56        android:requestLegacyExternalStorage="true" >
57        <activity
58            android:name="com.brilliant.travel.MainActivity"
59            android:configChanges="orientation|keyboardHidden|keyboard|screenSize|smallestScreenSize|locale|layoutDirection|fontScale|screenLayout|density|uiMode"
60            android:exported="true"
61            android:hardwareAccelerated="true"
62            android:launchMode="singleTop"
63            android:theme="@style/LaunchTheme"
64            android:windowSoftInputMode="adjustResize" >
65
66            <!--
67                 Specifies an Android theme to apply to this Activity as soon as
68                 the Android process has started. This theme is visible to the user
69                 while the Flutter UI initializes. After that, this theme continues
70                 to determine the Window background behind the Flutter UI.
71            -->
72            <meta-data
73                android:name="io.flutter.embedding.android.NormalTheme"
74                android:resource="@style/NormalTheme" />
75
76            <intent-filter>
77                <action android:name="android.intent.action.MAIN" />
78
79                <category android:name="android.intent.category.LAUNCHER" />
80            </intent-filter>
81        </activity>
82
83        <meta-data
84            android:name="com.google.android.gms.ads.APPLICATION_ID"
85            android:value="ca-app-pub-3940256099942544~3347511713" />
86        <!--
87             Don't delete the meta-data below.
88             This is used by the Flutter tool to generate GeneratedPluginRegistrant.java
89        -->
90        <meta-data
91            android:name="flutterEmbedding"
92            android:value="2" />
93
94        <activity
94-->[:url_launcher_android] AndroidManifest.xml:10:9-13:74
95            android:name="io.flutter.plugins.urllauncher.WebViewActivity"
95-->[:url_launcher_android] AndroidManifest.xml:11:13-74
96            android:exported="false"
96-->[:url_launcher_android] AndroidManifest.xml:12:13-37
97            android:theme="@android:style/Theme.NoTitleBar.Fullscreen" />
97-->[:url_launcher_android] AndroidManifest.xml:13:13-71
98
99        <meta-data
99-->[:google_mobile_ads] AndroidManifest.xml:12:9-14:36
100            android:name="io.flutter.embedded_views_preview"
100-->[:google_mobile_ads] AndroidManifest.xml:13:13-61
101            android:value="true" />
101-->[:google_mobile_ads] AndroidManifest.xml:14:13-33
102        <!--
103           Declares a provider which allows us to store files to share in
104           '.../caches/share_plus' and grant the receiving action access
105        -->
106        <provider
106-->[:share_plus] AndroidManifest.xml:15:9-23:20
107            android:name="dev.fluttercommunity.plus.share.ShareFileProvider"
107-->[:share_plus] AndroidManifest.xml:16:13-77
108            android:authorities="com.brilliant.travel.flutter.share_provider"
108-->[:share_plus] AndroidManifest.xml:17:13-74
109            android:exported="false"
109-->[:share_plus] AndroidManifest.xml:18:13-37
110            android:grantUriPermissions="true" >
110-->[:share_plus] AndroidManifest.xml:19:13-47
111            <meta-data
111-->[:share_plus] AndroidManifest.xml:20:13-22:68
112                android:name="android.support.FILE_PROVIDER_PATHS"
112-->[:share_plus] AndroidManifest.xml:21:17-67
113                android:resource="@xml/flutter_share_file_paths" />
113-->[:share_plus] AndroidManifest.xml:22:17-65
114        </provider>
115        <!--
116           This manifest declared broadcast receiver allows us to use an explicit
117           Intent when creating a PendingItent to be informed of the user's choice
118        -->
119        <receiver
119-->[:share_plus] AndroidManifest.xml:28:9-34:20
120            android:name="dev.fluttercommunity.plus.share.SharePlusPendingIntent"
120-->[:share_plus] AndroidManifest.xml:29:13-82
121            android:exported="false" >
121-->[:share_plus] AndroidManifest.xml:30:13-37
122            <intent-filter>
122-->[:share_plus] AndroidManifest.xml:31:13-33:29
123                <action android:name="EXTRA_CHOSEN_COMPONENT" />
123-->[:share_plus] AndroidManifest.xml:32:17-65
123-->[:share_plus] AndroidManifest.xml:32:25-62
124            </intent-filter>
125        </receiver>
126
127        <uses-library
127-->[androidx.window:window:1.0.0-beta04] AndroidManifest.xml:25:9-27:40
128            android:name="androidx.window.extensions"
128-->[androidx.window:window:1.0.0-beta04] AndroidManifest.xml:26:13-54
129            android:required="false" />
129-->[androidx.window:window:1.0.0-beta04] AndroidManifest.xml:27:13-37
130        <uses-library
130-->[androidx.window:window:1.0.0-beta04] AndroidManifest.xml:28:9-30:40
131            android:name="androidx.window.sidecar"
131-->[androidx.window:window:1.0.0-beta04] AndroidManifest.xml:29:13-51
132            android:required="false" />
132-->[androidx.window:window:1.0.0-beta04] AndroidManifest.xml:30:13-37
133
134        <activity
134-->[com.google.android.gms:play-services-base:18.0.0] AndroidManifest.xml:20:9-22:45
135            android:name="com.google.android.gms.common.api.GoogleApiActivity"
135-->[com.google.android.gms:play-services-base:18.0.0] AndroidManifest.xml:20:19-85
136            android:exported="false"
136-->[com.google.android.gms:play-services-base:18.0.0] AndroidManifest.xml:22:19-43
137            android:theme="@android:style/Theme.Translucent.NoTitleBar" /> <!-- Include the AdActivity and InAppPurchaseActivity configChanges and themes. -->
137-->[com.google.android.gms:play-services-base:18.0.0] AndroidManifest.xml:21:19-78
138        <activity
138-->[com.google.android.gms:play-services-ads-lite:21.3.0] AndroidManifest.xml:49:9-53:64
139            android:name="com.google.android.gms.ads.AdActivity"
139-->[com.google.android.gms:play-services-ads-lite:21.3.0] AndroidManifest.xml:50:13-65
140            android:configChanges="keyboard|keyboardHidden|orientation|screenLayout|uiMode|screenSize|smallestScreenSize"
140-->[com.google.android.gms:play-services-ads-lite:21.3.0] AndroidManifest.xml:51:13-122
141            android:exported="false"
141-->[com.google.android.gms:play-services-ads-lite:21.3.0] AndroidManifest.xml:52:13-37
142            android:theme="@android:style/Theme.Translucent" />
142-->[com.google.android.gms:play-services-ads-lite:21.3.0] AndroidManifest.xml:53:13-61
143
144        <provider
144-->[com.google.android.gms:play-services-ads-lite:21.3.0] AndroidManifest.xml:55:9-59:39
145            android:name="com.google.android.gms.ads.MobileAdsInitProvider"
145-->[com.google.android.gms:play-services-ads-lite:21.3.0] AndroidManifest.xml:56:13-76
146            android:authorities="com.brilliant.travel.mobileadsinitprovider"
146-->[com.google.android.gms:play-services-ads-lite:21.3.0] AndroidManifest.xml:57:13-73
147            android:exported="false"
147-->[com.google.android.gms:play-services-ads-lite:21.3.0] AndroidManifest.xml:58:13-37
148            android:initOrder="100" />
148-->[com.google.android.gms:play-services-ads-lite:21.3.0] AndroidManifest.xml:59:13-36
149
150        <service
150-->[com.google.android.gms:play-services-ads-lite:21.3.0] AndroidManifest.xml:61:9-64:40
151            android:name="com.google.android.gms.ads.AdService"
151-->[com.google.android.gms:play-services-ads-lite:21.3.0] AndroidManifest.xml:62:13-64
152            android:enabled="true"
152-->[com.google.android.gms:play-services-ads-lite:21.3.0] AndroidManifest.xml:63:13-35
153            android:exported="false" />
153-->[com.google.android.gms:play-services-ads-lite:21.3.0] AndroidManifest.xml:64:13-37
154
155        <meta-data
155-->[com.google.android.gms:play-services-basement:18.1.0] AndroidManifest.xml:21:9-23:69
156            android:name="com.google.android.gms.version"
156-->[com.google.android.gms:play-services-basement:18.1.0] AndroidManifest.xml:22:13-58
157            android:value="@integer/google_play_services_version" />
157-->[com.google.android.gms:play-services-basement:18.1.0] AndroidManifest.xml:23:13-66
158
159        <provider
159-->[androidx.work:work-runtime:2.7.0] AndroidManifest.xml:31:9-39:20
160            android:name="androidx.startup.InitializationProvider"
160-->[androidx.work:work-runtime:2.7.0] AndroidManifest.xml:32:13-67
161            android:authorities="com.brilliant.travel.androidx-startup"
161-->[androidx.work:work-runtime:2.7.0] AndroidManifest.xml:33:13-68
162            android:exported="false" >
162-->[androidx.work:work-runtime:2.7.0] AndroidManifest.xml:34:13-37
163            <meta-data
163-->[androidx.work:work-runtime:2.7.0] AndroidManifest.xml:36:13-38:52
164                android:name="androidx.work.WorkManagerInitializer"
164-->[androidx.work:work-runtime:2.7.0] AndroidManifest.xml:37:17-68
165                android:value="androidx.startup" />
165-->[androidx.work:work-runtime:2.7.0] AndroidManifest.xml:38:17-49
166        </provider>
167
168        <service
168-->[androidx.work:work-runtime:2.7.0] AndroidManifest.xml:41:9-46:35
169            android:name="androidx.work.impl.background.systemalarm.SystemAlarmService"
169-->[androidx.work:work-runtime:2.7.0] AndroidManifest.xml:42:13-88
170            android:directBootAware="false"
170-->[androidx.work:work-runtime:2.7.0] AndroidManifest.xml:43:13-44
171            android:enabled="@bool/enable_system_alarm_service_default"
171-->[androidx.work:work-runtime:2.7.0] AndroidManifest.xml:44:13-72
172            android:exported="false" />
172-->[androidx.work:work-runtime:2.7.0] AndroidManifest.xml:45:13-37
173        <service
173-->[androidx.work:work-runtime:2.7.0] AndroidManifest.xml:47:9-53:35
174            android:name="androidx.work.impl.background.systemjob.SystemJobService"
174-->[androidx.work:work-runtime:2.7.0] AndroidManifest.xml:48:13-84
175            android:directBootAware="false"
175-->[androidx.work:work-runtime:2.7.0] AndroidManifest.xml:49:13-44
176            android:enabled="@bool/enable_system_job_service_default"
176-->[androidx.work:work-runtime:2.7.0] AndroidManifest.xml:50:13-70
177            android:exported="true"
177-->[androidx.work:work-runtime:2.7.0] AndroidManifest.xml:51:13-36
178            android:permission="android.permission.BIND_JOB_SERVICE" />
178-->[androidx.work:work-runtime:2.7.0] AndroidManifest.xml:52:13-69
179        <service
179-->[androidx.work:work-runtime:2.7.0] AndroidManifest.xml:54:9-59:35
180            android:name="androidx.work.impl.foreground.SystemForegroundService"
180-->[androidx.work:work-runtime:2.7.0] AndroidManifest.xml:55:13-81
181            android:directBootAware="false"
181-->[androidx.work:work-runtime:2.7.0] AndroidManifest.xml:56:13-44
182            android:enabled="@bool/enable_system_foreground_service_default"
182-->[androidx.work:work-runtime:2.7.0] AndroidManifest.xml:57:13-77
183            android:exported="false" />
183-->[androidx.work:work-runtime:2.7.0] AndroidManifest.xml:58:13-37
184
185        <receiver
185-->[androidx.work:work-runtime:2.7.0] AndroidManifest.xml:61:9-66:35
186            android:name="androidx.work.impl.utils.ForceStopRunnable$BroadcastReceiver"
186-->[androidx.work:work-runtime:2.7.0] AndroidManifest.xml:62:13-88
187            android:directBootAware="false"
187-->[androidx.work:work-runtime:2.7.0] AndroidManifest.xml:63:13-44
188            android:enabled="true"
188-->[androidx.work:work-runtime:2.7.0] AndroidManifest.xml:64:13-35
189            android:exported="false" />
189-->[androidx.work:work-runtime:2.7.0] AndroidManifest.xml:65:13-37
190        <receiver
190-->[androidx.work:work-runtime:2.7.0] AndroidManifest.xml:67:9-77:20
191            android:name="androidx.work.impl.background.systemalarm.ConstraintProxy$BatteryChargingProxy"
191-->[androidx.work:work-runtime:2.7.0] AndroidManifest.xml:68:13-106
192            android:directBootAware="false"
192-->[androidx.work:work-runtime:2.7.0] AndroidManifest.xml:69:13-44
193            android:enabled="false"
193-->[androidx.work:work-runtime:2.7.0] AndroidManifest.xml:70:13-36
194            android:exported="false" >
194-->[androidx.work:work-runtime:2.7.0] AndroidManifest.xml:71:13-37
195            <intent-filter>
195-->[androidx.work:work-runtime:2.7.0] AndroidManifest.xml:73:13-76:29
196                <action android:name="android.intent.action.ACTION_POWER_CONNECTED" />
196-->[androidx.work:work-runtime:2.7.0] AndroidManifest.xml:74:17-87
196-->[androidx.work:work-runtime:2.7.0] AndroidManifest.xml:74:25-84
197                <action android:name="android.intent.action.ACTION_POWER_DISCONNECTED" />
197-->[androidx.work:work-runtime:2.7.0] AndroidManifest.xml:75:17-90
197-->[androidx.work:work-runtime:2.7.0] AndroidManifest.xml:75:25-87
198            </intent-filter>
199        </receiver>
200        <receiver
200-->[androidx.work:work-runtime:2.7.0] AndroidManifest.xml:78:9-88:20
201            android:name="androidx.work.impl.background.systemalarm.ConstraintProxy$BatteryNotLowProxy"
201-->[androidx.work:work-runtime:2.7.0] AndroidManifest.xml:79:13-104
202            android:directBootAware="false"
202-->[androidx.work:work-runtime:2.7.0] AndroidManifest.xml:80:13-44
203            android:enabled="false"
203-->[androidx.work:work-runtime:2.7.0] AndroidManifest.xml:81:13-36
204            android:exported="false" >
204-->[androidx.work:work-runtime:2.7.0] AndroidManifest.xml:82:13-37
205            <intent-filter>
205-->[androidx.work:work-runtime:2.7.0] AndroidManifest.xml:84:13-87:29
206                <action android:name="android.intent.action.BATTERY_OKAY" />
206-->[androidx.work:work-runtime:2.7.0] AndroidManifest.xml:85:17-77
206-->[androidx.work:work-runtime:2.7.0] AndroidManifest.xml:85:25-74
207                <action android:name="android.intent.action.BATTERY_LOW" />
207-->[androidx.work:work-runtime:2.7.0] AndroidManifest.xml:86:17-76
207-->[androidx.work:work-runtime:2.7.0] AndroidManifest.xml:86:25-73
208            </intent-filter>
209        </receiver>
210        <receiver
210-->[androidx.work:work-runtime:2.7.0] AndroidManifest.xml:89:9-99:20
211            android:name="androidx.work.impl.background.systemalarm.ConstraintProxy$StorageNotLowProxy"
211-->[androidx.work:work-runtime:2.7.0] AndroidManifest.xml:90:13-104
212            android:directBootAware="false"
212-->[androidx.work:work-runtime:2.7.0] AndroidManifest.xml:91:13-44
213            android:enabled="false"
213-->[androidx.work:work-runtime:2.7.0] AndroidManifest.xml:92:13-36
214            android:exported="false" >
214-->[androidx.work:work-runtime:2.7.0] AndroidManifest.xml:93:13-37
215            <intent-filter>
215-->[androidx.work:work-runtime:2.7.0] AndroidManifest.xml:95:13-98:29
216                <action android:name="android.intent.action.DEVICE_STORAGE_LOW" />
216-->[androidx.work:work-runtime:2.7.0] AndroidManifest.xml:96:17-83
216-->[androidx.work:work-runtime:2.7.0] AndroidManifest.xml:96:25-80
217                <action android:name="android.intent.action.DEVICE_STORAGE_OK" />
217-->[androidx.work:work-runtime:2.7.0] AndroidManifest.xml:97:17-82
217-->[androidx.work:work-runtime:2.7.0] AndroidManifest.xml:97:25-79
218            </intent-filter>
219        </receiver>
220        <receiver
220-->[androidx.work:work-runtime:2.7.0] AndroidManifest.xml:100:9-109:20
221            android:name="androidx.work.impl.background.systemalarm.ConstraintProxy$NetworkStateProxy"
221-->[androidx.work:work-runtime:2.7.0] AndroidManifest.xml:101:13-103
222            android:directBootAware="false"
222-->[androidx.work:work-runtime:2.7.0] AndroidManifest.xml:102:13-44
223            android:enabled="false"
223-->[androidx.work:work-runtime:2.7.0] AndroidManifest.xml:103:13-36
224            android:exported="false" >
224-->[androidx.work:work-runtime:2.7.0] AndroidManifest.xml:104:13-37
225            <intent-filter>
225-->[androidx.work:work-runtime:2.7.0] AndroidManifest.xml:106:13-108:29
226                <action android:name="android.net.conn.CONNECTIVITY_CHANGE" />
226-->[androidx.work:work-runtime:2.7.0] AndroidManifest.xml:107:17-79
226-->[androidx.work:work-runtime:2.7.0] AndroidManifest.xml:107:25-76
227            </intent-filter>
228        </receiver>
229        <receiver
229-->[androidx.work:work-runtime:2.7.0] AndroidManifest.xml:110:9-121:20
230            android:name="androidx.work.impl.background.systemalarm.RescheduleReceiver"
230-->[androidx.work:work-runtime:2.7.0] AndroidManifest.xml:111:13-88
231            android:directBootAware="false"
231-->[androidx.work:work-runtime:2.7.0] AndroidManifest.xml:112:13-44
232            android:enabled="false"
232-->[androidx.work:work-runtime:2.7.0] AndroidManifest.xml:113:13-36
233            android:exported="false" >
233-->[androidx.work:work-runtime:2.7.0] AndroidManifest.xml:114:13-37
234            <intent-filter>
234-->[androidx.work:work-runtime:2.7.0] AndroidManifest.xml:116:13-120:29
235                <action android:name="android.intent.action.BOOT_COMPLETED" />
235-->[androidx.work:work-runtime:2.7.0] AndroidManifest.xml:117:17-79
235-->[androidx.work:work-runtime:2.7.0] AndroidManifest.xml:117:25-76
236                <action android:name="android.intent.action.TIME_SET" />
236-->[androidx.work:work-runtime:2.7.0] AndroidManifest.xml:118:17-73
236-->[androidx.work:work-runtime:2.7.0] AndroidManifest.xml:118:25-70
237                <action android:name="android.intent.action.TIMEZONE_CHANGED" />
237-->[androidx.work:work-runtime:2.7.0] AndroidManifest.xml:119:17-81
237-->[androidx.work:work-runtime:2.7.0] AndroidManifest.xml:119:25-78
238            </intent-filter>
239        </receiver>
240        <receiver
240-->[androidx.work:work-runtime:2.7.0] AndroidManifest.xml:122:9-131:20
241            android:name="androidx.work.impl.background.systemalarm.ConstraintProxyUpdateReceiver"
241-->[androidx.work:work-runtime:2.7.0] AndroidManifest.xml:123:13-99
242            android:directBootAware="false"
242-->[androidx.work:work-runtime:2.7.0] AndroidManifest.xml:124:13-44
243            android:enabled="@bool/enable_system_alarm_service_default"
243-->[androidx.work:work-runtime:2.7.0] AndroidManifest.xml:125:13-72
244            android:exported="false" >
244-->[androidx.work:work-runtime:2.7.0] AndroidManifest.xml:126:13-37
245            <intent-filter>
245-->[androidx.work:work-runtime:2.7.0] AndroidManifest.xml:128:13-130:29
246                <action android:name="androidx.work.impl.background.systemalarm.UpdateProxies" />
246-->[androidx.work:work-runtime:2.7.0] AndroidManifest.xml:129:17-98
246-->[androidx.work:work-runtime:2.7.0] AndroidManifest.xml:129:25-95
247            </intent-filter>
248        </receiver>
249        <receiver
249-->[androidx.work:work-runtime:2.7.0] AndroidManifest.xml:132:9-142:20
250            android:name="androidx.work.impl.diagnostics.DiagnosticsReceiver"
250-->[androidx.work:work-runtime:2.7.0] AndroidManifest.xml:133:13-78
251            android:directBootAware="false"
251-->[androidx.work:work-runtime:2.7.0] AndroidManifest.xml:134:13-44
252            android:enabled="true"
252-->[androidx.work:work-runtime:2.7.0] AndroidManifest.xml:135:13-35
253            android:exported="true"
253-->[androidx.work:work-runtime:2.7.0] AndroidManifest.xml:136:13-36
254            android:permission="android.permission.DUMP" >
254-->[androidx.work:work-runtime:2.7.0] AndroidManifest.xml:137:13-57
255            <intent-filter>
255-->[androidx.work:work-runtime:2.7.0] AndroidManifest.xml:139:13-141:29
256                <action android:name="androidx.work.diagnostics.REQUEST_DIAGNOSTICS" />
256-->[androidx.work:work-runtime:2.7.0] AndroidManifest.xml:140:17-88
256-->[androidx.work:work-runtime:2.7.0] AndroidManifest.xml:140:25-85
257            </intent-filter>
258        </receiver>
259
260        <provider
260-->[androidx.lifecycle:lifecycle-process:2.2.0] AndroidManifest.xml:25:9-29:43
261            android:name="androidx.lifecycle.ProcessLifecycleOwnerInitializer"
261-->[androidx.lifecycle:lifecycle-process:2.2.0] AndroidManifest.xml:26:13-79
262            android:authorities="com.brilliant.travel.lifecycle-process"
262-->[androidx.lifecycle:lifecycle-process:2.2.0] AndroidManifest.xml:27:13-69
263            android:exported="false"
263-->[androidx.lifecycle:lifecycle-process:2.2.0] AndroidManifest.xml:28:13-37
264            android:multiprocess="true" />
264-->[androidx.lifecycle:lifecycle-process:2.2.0] AndroidManifest.xml:29:13-40
265
266        <service
266-->[androidx.room:room-runtime:2.2.5] AndroidManifest.xml:25:9-28:40
267            android:name="androidx.room.MultiInstanceInvalidationService"
267-->[androidx.room:room-runtime:2.2.5] AndroidManifest.xml:26:13-74
268            android:directBootAware="true"
268-->[androidx.room:room-runtime:2.2.5] AndroidManifest.xml:27:13-43
269            android:exported="false" />
269-->[androidx.room:room-runtime:2.2.5] AndroidManifest.xml:28:13-37
270
271        <meta-data
271-->[com.android.billingclient:billing:5.1.0] AndroidManifest.xml:23:9-25:37
272            android:name="com.google.android.play.billingclient.version"
272-->[com.android.billingclient:billing:5.1.0] AndroidManifest.xml:24:13-73
273            android:value="5.1.0" />
273-->[com.android.billingclient:billing:5.1.0] AndroidManifest.xml:25:13-34
274
275        <activity
275-->[com.android.billingclient:billing:5.1.0] AndroidManifest.xml:27:9-31:75
276            android:name="com.android.billingclient.api.ProxyBillingActivity"
276-->[com.android.billingclient:billing:5.1.0] AndroidManifest.xml:28:13-78
277            android:configChanges="keyboard|keyboardHidden|screenLayout|screenSize|orientation"
277-->[com.android.billingclient:billing:5.1.0] AndroidManifest.xml:29:13-96
278            android:exported="false"
278-->[com.android.billingclient:billing:5.1.0] AndroidManifest.xml:30:13-37
279            android:theme="@android:style/Theme.Translucent.NoTitleBar" /> <!-- The activities will be merged into the manifest of the hosting app. -->
279-->[com.android.billingclient:billing:5.1.0] AndroidManifest.xml:31:13-72
280        <activity
280-->[com.google.android.play:core-common:2.0.2] AndroidManifest.xml:14:9-18:65
281            android:name="com.google.android.play.core.common.PlayCoreDialogWrapperActivity"
281-->[com.google.android.play:core-common:2.0.2] AndroidManifest.xml:15:13-93
282            android:exported="false"
282-->[com.google.android.play:core-common:2.0.2] AndroidManifest.xml:16:13-37
283            android:stateNotNeeded="true"
283-->[com.google.android.play:core-common:2.0.2] AndroidManifest.xml:17:13-42
284            android:theme="@style/Theme.PlayCore.Transparent" />
284-->[com.google.android.play:core-common:2.0.2] AndroidManifest.xml:18:13-62
285    </application>
286
287</manifest>